<?xml version="1.0" encoding="UTF-8"?>
<testsuite name="org.twonote.rgwadmin4j.examples.Example" tests="1" skipped="1" failures="0" errors="0" timestamp="2023-10-07T04:29:40" hostname="PUMA-X4584-WL" time="0.0">
  <properties/>
  <testcase name="run" classname="org.twonote.rgwadmin4j.examples.Example" time="0.0">
    <skipped/>
  </testcase>
  <system-out><![CDATA[]]></system-out>
  <system-err><![CDATA[]]></system-err>
</testsuite>
