<?xml version="1.0" encoding="UTF-8"?>
<testsuite name="org.twonote.rgwadmin4j.impl.RgwAdminImplTest" tests="0" skipped="0" failures="0" errors="0" timestamp="1970-01-01T00:00:00" hostname="PUMA-X4584-WL" time="0.0">
  <properties/>
  <system-out><![CDATA[09:59:41.496 [Test worker] DEBUG com.amazonaws.AmazonWebServiceClient - Internal logging successfully configured to commons logger: true
09:59:41.553 [Test worker] DEBUG com.amazonaws.metrics.AwsSdkMetrics - Admin mbean registered under com.amazonaws.management:type=AwsSdkMetrics
09:59:41.741 [Test worker] DEBUG com.amazonaws.request - Sending Request: GET http://127.0.0.1:80 / Headers: (User-Agent: aws-sdk-java/1.11.91 Windows_11/10.0 OpenJDK_64-Bit_Server_VM/25.382-b05/1.8.0_382-382, amz-sdk-invocation-id: ad279f1a-da01-26d5-bbf0-fce4926b002f, Content-Type: application/octet-stream, ) 
09:59:41.773 [Test worker] DEBUG com.amazonaws.services.s3.internal.S3Signer - Calculated string to sign:
"GET

application/octet-stream
Sat, 07 Oct 2023 04:29:41 GMT
/"
09:59:41.855 [Test worker] DEBUG org.apache.http.client.protocol.RequestAddCookies - CookieSpec selected: default
09:59:41.863 [Test worker] DEBUG org.apache.http.client.protocol.RequestAuthCache - Auth cache not set in the context
09:59:41.863 [Test worker] DEBUG org.apache.http.impl.conn.PoolingHttpClientConnectionManager - Connection request: [route: {}->http://127.0.0.1:80][total kept alive: 0; route allocated: 0 of 50; total allocated: 0 of 50]
09:59:41.879 [Test worker] DEBUG org.apache.http.impl.conn.PoolingHttpClientConnectionManager - Connection leased: [id: 0][route: {}->http://127.0.0.1:80][total kept alive: 0; route allocated: 1 of 50; total allocated: 1 of 50]
09:59:41.880 [Test worker] DEBUG org.apache.http.impl.execchain.MainClientExec - Opening connection {}->http://127.0.0.1:80
09:59:41.880 [Test worker] DEBUG org.apache.http.impl.conn.DefaultHttpClientConnectionOperator - Connecting to /127.0.0.1:80
09:59:41.883 [Test worker] DEBUG org.apache.http.impl.conn.DefaultHttpClientConnectionOperator - Connection established 127.0.0.1:60069<->127.0.0.1:80
09:59:41.883 [Test worker] DEBUG org.apache.http.impl.conn.DefaultManagedHttpClientConnection - http-outgoing-0: set socket timeout to 50000
09:59:41.883 [Test worker] DEBUG org.apache.http.impl.execchain.MainClientExec - Executing request GET / HTTP/1.1
09:59:41.883 [Test worker] DEBUG org.apache.http.impl.execchain.MainClientExec - Proxy auth state: UNCHALLENGED
09:59:41.883 [Test worker] DEBUG org.apache.http.headers - http-outgoing-0 >> GET / HTTP/1.1
09:59:41.883 [Test worker] DEBUG org.apache.http.headers - http-outgoing-0 >> Host: 127.0.0.1
09:59:41.883 [Test worker] DEBUG org.apache.http.headers - http-outgoing-0 >> Authorization: AWS qqq:+MlYwnpqQLxfNGWtJN6Sl03wrFo=
09:59:41.883 [Test worker] DEBUG org.apache.http.headers - http-outgoing-0 >> User-Agent: aws-sdk-java/1.11.91 Windows_11/10.0 OpenJDK_64-Bit_Server_VM/25.382-b05/1.8.0_382-382
09:59:41.883 [Test worker] DEBUG org.apache.http.headers - http-outgoing-0 >> amz-sdk-invocation-id: ad279f1a-da01-26d5-bbf0-fce4926b002f
09:59:41.883 [Test worker] DEBUG org.apache.http.headers - http-outgoing-0 >> amz-sdk-retry: 0/0/500
09:59:41.883 [Test worker] DEBUG org.apache.http.headers - http-outgoing-0 >> Date: Sat, 07 Oct 2023 04:29:41 GMT
09:59:41.883 [Test worker] DEBUG org.apache.http.headers - http-outgoing-0 >> Content-Type: application/octet-stream
09:59:41.883 [Test worker] DEBUG org.apache.http.headers - http-outgoing-0 >> Connection: Keep-Alive
09:59:41.883 [Test worker] DEBUG org.apache.http.wire - http-outgoing-0 >> "GET / HTTP/1.1[\r][\n]"
09:59:41.883 [Test worker] DEBUG org.apache.http.wire - http-outgoing-0 >> "Host: 127.0.0.1[\r][\n]"
09:59:41.883 [Test worker] DEBUG org.apache.http.wire - http-outgoing-0 >> "Authorization: AWS qqq:+MlYwnpqQLxfNGWtJN6Sl03wrFo=[\r][\n]"
09:59:41.883 [Test worker] DEBUG org.apache.http.wire - http-outgoing-0 >> "User-Agent: aws-sdk-java/1.11.91 Windows_11/10.0 OpenJDK_64-Bit_Server_VM/25.382-b05/1.8.0_382-382[\r][\n]"
09:59:41.883 [Test worker] DEBUG org.apache.http.wire - http-outgoing-0 >> "amz-sdk-invocation-id: ad279f1a-da01-26d5-bbf0-fce4926b002f[\r][\n]"
09:59:41.887 [Test worker] DEBUG org.apache.http.wire - http-outgoing-0 >> "amz-sdk-retry: 0/0/500[\r][\n]"
09:59:41.887 [Test worker] DEBUG org.apache.http.wire - http-outgoing-0 >> "Date: Sat, 07 Oct 2023 04:29:41 GMT[\r][\n]"
09:59:41.887 [Test worker] DEBUG org.apache.http.wire - http-outgoing-0 >> "Content-Type: application/octet-stream[\r][\n]"
09:59:41.887 [Test worker] DEBUG org.apache.http.wire - http-outgoing-0 >> "Connection: Keep-Alive[\r][\n]"
09:59:41.887 [Test worker] DEBUG org.apache.http.wire - http-outgoing-0 >> "[\r][\n]"
09:59:46.561 [Test worker] DEBUG org.apache.http.wire - http-outgoing-0 << "HTTP/1.1 200 OK[\r][\n]"
09:59:46.561 [Test worker] DEBUG org.apache.http.wire - http-outgoing-0 << "Server: Microsoft-IIS/10.0[\r][\n]"
09:59:46.561 [Test worker] DEBUG org.apache.http.wire - http-outgoing-0 << "X-Powered-By: ASP.NET[\r][\n]"
09:59:46.585 [Test worker] DEBUG org.apache.http.wire - http-outgoing-0 << "Date: Sat, 07 Oct 2023 04:29:46 GMT[\r][\n]"
09:59:46.585 [Test worker] DEBUG org.apache.http.wire - http-outgoing-0 << "Content-Length: 0[\r][\n]"
09:59:46.585 [Test worker] DEBUG org.apache.http.wire - http-outgoing-0 << "[\r][\n]"
09:59:46.585 [Test worker] DEBUG org.apache.http.headers - http-outgoing-0 << HTTP/1.1 200 OK
09:59:46.585 [Test worker] DEBUG org.apache.http.headers - http-outgoing-0 << Server: Microsoft-IIS/10.0
09:59:46.585 [Test worker] DEBUG org.apache.http.headers - http-outgoing-0 << X-Powered-By: ASP.NET
09:59:46.585 [Test worker] DEBUG org.apache.http.headers - http-outgoing-0 << Date: Sat, 07 Oct 2023 04:29:46 GMT
09:59:46.585 [Test worker] DEBUG org.apache.http.headers - http-outgoing-0 << Content-Length: 0
09:59:46.601 [Test worker] DEBUG org.apache.http.impl.execchain.MainClientExec - Connection can be kept alive for 60000 MILLISECONDS
09:59:46.601 [Test worker] DEBUG org.apache.http.impl.conn.PoolingHttpClientConnectionManager - Connection [id: 0][route: {}->http://127.0.0.1:80] can be kept alive for 60.0 seconds
09:59:46.601 [Test worker] DEBUG org.apache.http.impl.conn.PoolingHttpClientConnectionManager - Connection released: [id: 0][route: {}->http://127.0.0.1:80][total kept alive: 1; route allocated: 1 of 50; total allocated: 1 of 50]
09:59:46.681 [Test worker] DEBUG com.amazonaws.services.s3.model.transform.XmlResponsesSaxParser - Sanitizing XML document destined for handler class com.amazonaws.services.s3.model.transform.XmlResponsesSaxParser$ListAllMyBucketsHandler
09:59:46.681 [Test worker] DEBUG com.amazonaws.services.s3.model.transform.XmlResponsesSaxParser - Parsing XML response document with handler: class com.amazonaws.services.s3.model.transform.XmlResponsesSaxParser$ListAllMyBucketsHandler
Cannot make communication with radosgw S3 endpoint: Failed to parse XML document with handler class com.amazonaws.services.s3.model.transform.XmlResponsesSaxParser$ListAllMyBucketsHandler
]]></system-out>
  <system-err><![CDATA[]]></system-err>
</testsuite>
